(---------------------------------------------------------------------)
(                                                                     )
(    Allegro Netrev Import Logic                                      )
(                                                                     )
(    Drawing          : P1_PCB_rev1.brd                               )
(    Software Version : 17.2S025                                      )
(    Date/Time        : Sat Jan 20 14:03:33 2024                      )
(                                                                     )
(---------------------------------------------------------------------)


------ Directives ------------

Ripup etch:                  No
Ripup delete first segment:  No
Ripup retain bondwire:       No
Ripup symbols:               Always
Missing symbol has error:    No
DRC update:                  Yes
Schematic directory:         'C:\USERS\AROSI\DESKTOP\P1_ - COPY\allegro'
Design Directory:            'C:/USERS/AROSI/DESKTOP/P1_ - COPY/allegro'
Old design name:             'C:/USERS/AROSI/DESKTOP/P1_ - COPY/allegro/P1_PCB_rev1.brd'
New design name:             'C:/USERS/AROSI/DESKTOP/P1_ - COPY/allegro/P1_PCB_rev2.brd'

CmdLine: netrev.exe -y 1 -i C:\USERS\AROSI\DESKTOP\P1_ - COPY\allegro C:\USERS\AROSI\DESKTOP\P1_ - COPY\allegro\P1_PCB_rev1.brd C:\USERS\AROSI\DESKTOP\P1_ - COPY\allegro\P1_PCB_rev2.brd

------ Preparing to read pst files ------

Starting to read C:/USERS/AROSI/DESKTOP/P1_ - COPY/allegro/pstchip.dat 
   Finished reading C:/USERS/AROSI/DESKTOP/P1_ - COPY/allegro/pstchip.dat (00:00:00.05)
Starting to read C:/USERS/AROSI/DESKTOP/P1_ - COPY/allegro/pstxprt.dat 
   Finished reading C:/USERS/AROSI/DESKTOP/P1_ - COPY/allegro/pstxprt.dat (00:00:00.00)
Starting to read C:/USERS/AROSI/DESKTOP/P1_ - COPY/allegro/pstxnet.dat 
   Finished reading C:/USERS/AROSI/DESKTOP/P1_ - COPY/allegro/pstxnet.dat (00:00:00.00)

------ Oversights/Warnings/Errors ------


------ Library Paths ------
MODULEPATH =  . 
           C:/Cadence/SPB_17.2/share/local/pcb/modules 

PSMPATH =  . 
           symbols 
           .. 
           ../symbols 
           C:/Cadence/SPB_17.2/share/local/pcb/symbols 
           C:/Cadence/SPB_17.2/share/pcb/pcb_lib/symbols 
           C:/Cadence/SPB_17.2/share/pcb/allegrolib/symbols 

PADPATH =  . 
           symbols 
           .. 
           ../symbols 
           C:/Cadence/SPB_17.2/share/local/pcb/padstacks 
           C:/Cadence/SPB_17.2/share/pcb/pcb_lib/symbols 
           C:/Cadence/SPB_17.2/share/pcb/allegrolib/symbols 


------ Summary Statistics ------


netrev run on Jan 20 14:03:33 2024
   DESIGN NAME : 'P1_PCB'
   PACKAGING ON Jul 30 2017 03:29:02

   COMPILE 'logic'
   CHECK_PIN_NAMES OFF
   CROSS_REFERENCE OFF
   FEEDBACK OFF
   INCREMENTAL OFF
   INTERFACE_TYPE PHYSICAL
   MAX_ERRORS 500
   MERGE_MINIMUM 5
   NET_NAME_CHARS '#%&()*+-./:=>?@[]^_`|'
   NET_NAME_LENGTH 24
   OVERSIGHTS ON
   REPLACE_CHECK OFF
   SINGLE_NODE_NETS ON
   SPLIT_MINIMUM 0
   SUPPRESS   20
   WARNINGS ON

 No error detected
 No oversight detected
 No warning detected

cpu time      0:00:45
elapsed time  0:00:00

